<?xml version="1.0" encoding="UTF-8"?>
<testsuite xmlns:xsi="http://www.w3.org/2001/XMLSchema-instance" xsi:noNamespaceSchemaLocation="https://maven.apache.org/surefire/maven-surefire-plugin/xsd/surefire-test-report.xsd" name="com.github.mauricioaniche.ck.ParametersTest" time="0.003" tests="2" errors="0" skipped="0" failures="0">
  <properties>
    <property name="java.specification.version" value="22"/>
    <property name="sun.cpu.isalist" value="amd64"/>
    <property name="sun.jnu.encoding" value="Cp1252"/>
    <property name="java.class.path" value="D:\Pedro\puc\6Semestre\Laboratorio\Um-estudo-das-caracteristicas-de-qualidade-de-sistemas-java\ck\target\test-classes;D:\Pedro\puc\6Semestre\Laboratorio\Um-estudo-das-caracteristicas-de-qualidade-de-sistemas-java\ck\target\classes;C:\Users\WazX\.m2\repository\org\assertj\assertj-core\3.20.2\assertj-core-3.20.2.jar;C:\Users\WazX\.m2\repository\org\eclipse\jgit\org.eclipse.jgit\5.12.0.202106070339-r\org.eclipse.jgit-5.12.0.202106070339-r.jar;C:\Users\WazX\.m2\repository\com\googlecode\javaewah\JavaEWAH\1.1.7\JavaEWAH-1.1.7.jar;C:\Users\WazX\.m2\repository\org\slf4j\slf4j-api\1.7.30\slf4j-api-1.7.30.jar;C:\Users\WazX\.m2\repository\org\junit\jupiter\junit-jupiter-engine\5.8.0-M1\junit-jupiter-engine-5.8.0-M1.jar;C:\Users\WazX\.m2\repository\org\apiguardian\apiguardian-api\1.1.1\apiguardian-api-1.1.1.jar;C:\Users\WazX\.m2\repository\org\junit\platform\junit-platform-engine\1.8.0-M1\junit-platform-engine-1.8.0-M1.jar;C:\Users\WazX\.m2\repository\org\opentest4j\opentest4j\1.2.0\opentest4j-1.2.0.jar;C:\Users\WazX\.m2\repository\org\junit\platform\junit-platform-commons\1.8.0-M1\junit-platform-commons-1.8.0-M1.jar;C:\Users\WazX\.m2\repository\org\junit\jupiter\junit-jupiter-api\5.8.0-M1\junit-jupiter-api-5.8.0-M1.jar;C:\Users\WazX\.m2\repository\org\jetbrains\kotlin\kotlin-stdlib-jdk8\1.4.20\kotlin-stdlib-jdk8-1.4.20.jar;C:\Users\WazX\.m2\repository\org\jetbrains\kotlin\kotlin-stdlib\1.4.20\kotlin-stdlib-1.4.20.jar;C:\Users\WazX\.m2\repository\org\jetbrains\kotlin\kotlin-stdlib-common\1.4.20\kotlin-stdlib-common-1.4.20.jar;C:\Users\WazX\.m2\repository\org\jetbrains\annotations\13.0\annotations-13.0.jar;C:\Users\WazX\.m2\repository\org\jetbrains\kotlin\kotlin-stdlib-jdk7\1.4.20\kotlin-stdlib-jdk7-1.4.20.jar;C:\Users\WazX\.m2\repository\org\junit\jupiter\junit-jupiter-params\5.8.0-M1\junit-jupiter-params-5.8.0-M1.jar;C:\Users\WazX\.m2\repository\org\reflections\reflections\0.9.12\reflections-0.9.12.jar;C:\Users\WazX\.m2\repository\org\javassist\javassist\3.26.0-GA\javassist-3.26.0-GA.jar;C:\Users\WazX\.m2\repository\org\eclipse\jdt\org.eclipse.jdt.core\3.26.0\org.eclipse.jdt.core-3.26.0.jar;C:\Users\WazX\.m2\repository\org\eclipse\platform\org.eclipse.core.resources\3.20.200\org.eclipse.core.resources-3.20.200.jar;C:\Users\WazX\.m2\repository\org\eclipse\platform\org.eclipse.core.expressions\3.9.400\org.eclipse.core.expressions-3.9.400.jar;C:\Users\WazX\.m2\repository\org\eclipse\platform\org.eclipse.osgi\3.20.0\org.eclipse.osgi-3.20.0.jar;C:\Users\WazX\.m2\repository\org\eclipse\platform\org.eclipse.core.runtime\3.31.100\org.eclipse.core.runtime-3.31.100.jar;C:\Users\WazX\.m2\repository\org\eclipse\platform\org.eclipse.equinox.common\3.19.100\org.eclipse.equinox.common-3.19.100.jar;C:\Users\WazX\.m2\repository\org\eclipse\platform\org.eclipse.core.jobs\3.15.300\org.eclipse.core.jobs-3.15.300.jar;C:\Users\WazX\.m2\repository\org\eclipse\platform\org.eclipse.equinox.registry\3.12.100\org.eclipse.equinox.registry-3.12.100.jar;C:\Users\WazX\.m2\repository\org\eclipse\platform\org.eclipse.equinox.preferences\3.11.100\org.eclipse.equinox.preferences-3.11.100.jar;C:\Users\WazX\.m2\repository\org\osgi\org.osgi.service.prefs\1.1.2\org.osgi.service.prefs-1.1.2.jar;C:\Users\WazX\.m2\repository\org\osgi\osgi.annotation\8.0.1\osgi.annotation-8.0.1.jar;C:\Users\WazX\.m2\repository\org\eclipse\platform\org.eclipse.core.contenttype\3.9.400\org.eclipse.core.contenttype-3.9.400.jar;C:\Users\WazX\.m2\repository\org\eclipse\platform\org.eclipse.equinox.app\1.7.100\org.eclipse.equinox.app-1.7.100.jar;C:\Users\WazX\.m2\repository\org\eclipse\platform\org.eclipse.core.filesystem\1.10.400\org.eclipse.core.filesystem-1.10.400.jar;C:\Users\WazX\.m2\repository\org\eclipse\platform\org.eclipse.text\3.14.100\org.eclipse.text-3.14.100.jar;C:\Users\WazX\.m2\repository\org\eclipse\platform\org.eclipse.core.commands\3.12.100\org.eclipse.core.commands-3.12.100.jar;C:\Users\WazX\.m2\repository\com\google\guava\guava\30.1.1-jre\guava-30.1.1-jre.jar;C:\Users\WazX\.m2\repository\com\google\guava\failureaccess\1.0.1\failureaccess-1.0.1.jar;C:\Users\WazX\.m2\repository\com\google\guava\listenablefuture\9999.0-empty-to-avoid-conflict-with-guava\listenablefuture-9999.0-empty-to-avoid-conflict-with-guava.jar;C:\Users\WazX\.m2\repository\com\google\code\findbugs\jsr305\3.0.2\jsr305-3.0.2.jar;C:\Users\WazX\.m2\repository\org\checkerframework\checker-qual\3.8.0\checker-qual-3.8.0.jar;C:\Users\WazX\.m2\repository\com\google\errorprone\error_prone_annotations\2.5.1\error_prone_annotations-2.5.1.jar;C:\Users\WazX\.m2\repository\com\google\j2objc\j2objc-annotations\1.3\j2objc-annotations-1.3.jar;C:\Users\WazX\.m2\repository\org\slf4j\slf4j-log4j12\1.7.30\slf4j-log4j12-1.7.30.jar;C:\Users\WazX\.m2\repository\log4j\log4j\1.2.17\log4j-1.2.17.jar;C:\Users\WazX\.m2\repository\commons-io\commons-io\2.10.0\commons-io-2.10.0.jar;C:\Users\WazX\.m2\repository\org\apache\commons\commons-lang3\3.12.0\commons-lang3-3.12.0.jar;C:\Users\WazX\.m2\repository\org\apache\commons\commons-csv\1.8\commons-csv-1.8.jar;"/>
    <property name="java.vm.vendor" value="Oracle Corporation"/>
    <property name="sun.arch.data.model" value="64"/>
    <property name="user.variant" value=""/>
    <property name="java.vendor.url" value="https://java.oracle.com/"/>
    <property name="user.timezone" value="America/Sao_Paulo"/>
    <property name="os.name" value="Windows 10"/>
    <property name="java.vm.specification.version" value="22"/>
    <property name="sun.java.launcher" value="SUN_STANDARD"/>
    <property name="user.country" value="BR"/>
    <property name="sun.boot.library.path" value="D:\jdk\jdk-22.0.1\bin"/>
    <property name="sun.java.command" value="C:\Users\WazX\AppData\Local\Temp\surefire10654698212598329473\surefirebooter11587521676939735443.jar C:\Users\WazX\AppData\Local\Temp\surefire10654698212598329473 2024-09-08T12-05-58_749-jvmRun1 surefire5667233400873914785tmp surefire_011977577933166346147tmp"/>
    <property name="jdk.debug" value="release"/>
    <property name="surefire.test.class.path" value="D:\Pedro\puc\6Semestre\Laboratorio\Um-estudo-das-caracteristicas-de-qualidade-de-sistemas-java\ck\target\test-classes;D:\Pedro\puc\6Semestre\Laboratorio\Um-estudo-das-caracteristicas-de-qualidade-de-sistemas-java\ck\target\classes;C:\Users\WazX\.m2\repository\org\assertj\assertj-core\3.20.2\assertj-core-3.20.2.jar;C:\Users\WazX\.m2\repository\org\eclipse\jgit\org.eclipse.jgit\5.12.0.202106070339-r\org.eclipse.jgit-5.12.0.202106070339-r.jar;C:\Users\WazX\.m2\repository\com\googlecode\javaewah\JavaEWAH\1.1.7\JavaEWAH-1.1.7.jar;C:\Users\WazX\.m2\repository\org\slf4j\slf4j-api\1.7.30\slf4j-api-1.7.30.jar;C:\Users\WazX\.m2\repository\org\junit\jupiter\junit-jupiter-engine\5.8.0-M1\junit-jupiter-engine-5.8.0-M1.jar;C:\Users\WazX\.m2\repository\org\apiguardian\apiguardian-api\1.1.1\apiguardian-api-1.1.1.jar;C:\Users\WazX\.m2\repository\org\junit\platform\junit-platform-engine\1.8.0-M1\junit-platform-engine-1.8.0-M1.jar;C:\Users\WazX\.m2\repository\org\opentest4j\opentest4j\1.2.0\opentest4j-1.2.0.jar;C:\Users\WazX\.m2\repository\org\junit\platform\junit-platform-commons\1.8.0-M1\junit-platform-commons-1.8.0-M1.jar;C:\Users\WazX\.m2\repository\org\junit\jupiter\junit-jupiter-api\5.8.0-M1\junit-jupiter-api-5.8.0-M1.jar;C:\Users\WazX\.m2\repository\org\jetbrains\kotlin\kotlin-stdlib-jdk8\1.4.20\kotlin-stdlib-jdk8-1.4.20.jar;C:\Users\WazX\.m2\repository\org\jetbrains\kotlin\kotlin-stdlib\1.4.20\kotlin-stdlib-1.4.20.jar;C:\Users\WazX\.m2\repository\org\jetbrains\kotlin\kotlin-stdlib-common\1.4.20\kotlin-stdlib-common-1.4.20.jar;C:\Users\WazX\.m2\repository\org\jetbrains\annotations\13.0\annotations-13.0.jar;C:\Users\WazX\.m2\repository\org\jetbrains\kotlin\kotlin-stdlib-jdk7\1.4.20\kotlin-stdlib-jdk7-1.4.20.jar;C:\Users\WazX\.m2\repository\org\junit\jupiter\junit-jupiter-params\5.8.0-M1\junit-jupiter-params-5.8.0-M1.jar;C:\Users\WazX\.m2\repository\org\reflections\reflections\0.9.12\reflections-0.9.12.jar;C:\Users\WazX\.m2\repository\org\javassist\javassist\3.26.0-GA\javassist-3.26.0-GA.jar;C:\Users\WazX\.m2\repository\org\eclipse\jdt\org.eclipse.jdt.core\3.26.0\org.eclipse.jdt.core-3.26.0.jar;C:\Users\WazX\.m2\repository\org\eclipse\platform\org.eclipse.core.resources\3.20.200\org.eclipse.core.resources-3.20.200.jar;C:\Users\WazX\.m2\repository\org\eclipse\platform\org.eclipse.core.expressions\3.9.400\org.eclipse.core.expressions-3.9.400.jar;C:\Users\WazX\.m2\repository\org\eclipse\platform\org.eclipse.osgi\3.20.0\org.eclipse.osgi-3.20.0.jar;C:\Users\WazX\.m2\repository\org\eclipse\platform\org.eclipse.core.runtime\3.31.100\org.eclipse.core.runtime-3.31.100.jar;C:\Users\WazX\.m2\repository\org\eclipse\platform\org.eclipse.equinox.common\3.19.100\org.eclipse.equinox.common-3.19.100.jar;C:\Users\WazX\.m2\repository\org\eclipse\platform\org.eclipse.core.jobs\3.15.300\org.eclipse.core.jobs-3.15.300.jar;C:\Users\WazX\.m2\repository\org\eclipse\platform\org.eclipse.equinox.registry\3.12.100\org.eclipse.equinox.registry-3.12.100.jar;C:\Users\WazX\.m2\repository\org\eclipse\platform\org.eclipse.equinox.preferences\3.11.100\org.eclipse.equinox.preferences-3.11.100.jar;C:\Users\WazX\.m2\repository\org\osgi\org.osgi.service.prefs\1.1.2\org.osgi.service.prefs-1.1.2.jar;C:\Users\WazX\.m2\repository\org\osgi\osgi.annotation\8.0.1\osgi.annotation-8.0.1.jar;C:\Users\WazX\.m2\repository\org\eclipse\platform\org.eclipse.core.contenttype\3.9.400\org.eclipse.core.contenttype-3.9.400.jar;C:\Users\WazX\.m2\repository\org\eclipse\platform\org.eclipse.equinox.app\1.7.100\org.eclipse.equinox.app-1.7.100.jar;C:\Users\WazX\.m2\repository\org\eclipse\platform\org.eclipse.core.filesystem\1.10.400\org.eclipse.core.filesystem-1.10.400.jar;C:\Users\WazX\.m2\repository\org\eclipse\platform\org.eclipse.text\3.14.100\org.eclipse.text-3.14.100.jar;C:\Users\WazX\.m2\repository\org\eclipse\platform\org.eclipse.core.commands\3.12.100\org.eclipse.core.commands-3.12.100.jar;C:\Users\WazX\.m2\repository\com\google\guava\guava\30.1.1-jre\guava-30.1.1-jre.jar;C:\Users\WazX\.m2\repository\com\google\guava\failureaccess\1.0.1\failureaccess-1.0.1.jar;C:\Users\WazX\.m2\repository\com\google\guava\listenablefuture\9999.0-empty-to-avoid-conflict-with-guava\listenablefuture-9999.0-empty-to-avoid-conflict-with-guava.jar;C:\Users\WazX\.m2\repository\com\google\code\findbugs\jsr305\3.0.2\jsr305-3.0.2.jar;C:\Users\WazX\.m2\repository\org\checkerframework\checker-qual\3.8.0\checker-qual-3.8.0.jar;C:\Users\WazX\.m2\repository\com\google\errorprone\error_prone_annotations\2.5.1\error_prone_annotations-2.5.1.jar;C:\Users\WazX\.m2\repository\com\google\j2objc\j2objc-annotations\1.3\j2objc-annotations-1.3.jar;C:\Users\WazX\.m2\repository\org\slf4j\slf4j-log4j12\1.7.30\slf4j-log4j12-1.7.30.jar;C:\Users\WazX\.m2\repository\log4j\log4j\1.2.17\log4j-1.2.17.jar;C:\Users\WazX\.m2\repository\commons-io\commons-io\2.10.0\commons-io-2.10.0.jar;C:\Users\WazX\.m2\repository\org\apache\commons\commons-lang3\3.12.0\commons-lang3-3.12.0.jar;C:\Users\WazX\.m2\repository\org\apache\commons\commons-csv\1.8\commons-csv-1.8.jar;"/>
    <property name="sun.cpu.endian" value="little"/>
    <property name="user.home" value="C:\Users\WazX"/>
    <property name="user.language" value="pt"/>
    <property name="java.specification.vendor" value="Oracle Corporation"/>
    <property name="java.version.date" value="2024-04-16"/>
    <property name="java.home" value="D:\jdk\jdk-22.0.1"/>
    <property name="file.separator" value="\"/>
    <property name="basedir" value="D:\Pedro\puc\6Semestre\Laboratorio\Um-estudo-das-caracteristicas-de-qualidade-de-sistemas-java\ck"/>
    <property name="java.vm.compressedOopsMode" value="Zero based"/>
    <property name="line.separator" value="&#10;"/>
    <property name="java.vm.specification.vendor" value="Oracle Corporation"/>
    <property name="java.specification.name" value="Java Platform API Specification"/>
    <property name="surefire.real.class.path" value="C:\Users\WazX\AppData\Local\Temp\surefire10654698212598329473\surefirebooter11587521676939735443.jar"/>
    <property name="user.script" value=""/>
    <property name="sun.management.compiler" value="HotSpot 64-Bit Tiered Compilers"/>
    <property name="java.runtime.version" value="22.0.1+8-16"/>
    <property name="user.name" value="WazX"/>
    <property name="stdout.encoding" value="Cp1252"/>
    <property name="path.separator" value=";"/>
    <property name="os.version" value="10.0"/>
    <property name="java.runtime.name" value="Java(TM) SE Runtime Environment"/>
    <property name="file.encoding" value="UTF-8"/>
    <property name="java.vm.name" value="Java HotSpot(TM) 64-Bit Server VM"/>
    <property name="localRepository" value="C:\Users\WazX\.m2\repository"/>
    <property name="java.vendor.url.bug" value="https://bugreport.java.com/bugreport/"/>
    <property name="java.io.tmpdir" value="C:\Users\WazX\AppData\Local\Temp\"/>
    <property name="java.version" value="22.0.1"/>
    <property name="user.dir" value="D:\Pedro\puc\6Semestre\Laboratorio\Um-estudo-das-caracteristicas-de-qualidade-de-sistemas-java\ck"/>
    <property name="os.arch" value="amd64"/>
    <property name="java.vm.specification.name" value="Java Virtual Machine Specification"/>
    <property name="sun.os.patch.level" value=""/>
    <property name="native.encoding" value="Cp1252"/>
    <property name="java.library.path" value="D:\jdk\jdk-22.0.1\bin;C:\Windows\Sun\Java\bin;C:\Windows\system32;C:\Windows;C:\Program Files (x86)\Common Files\Oracle\Java\java8path;C:\Program Files (x86)\Common Files\Oracle\Java\javapath;C:\Program Files\Python312\Scripts\;C:\Program Files\Python312\;C:\Program Files\Eclipse Adoptium\jdk-17.0.6.10-hotspot\bin;C:\Program Files (x86)\Razer Chroma SDK\bin;C:\Program Files\Razer Chroma SDK\bin;C:\Program Files (x86)\Razer\ChromaBroadcast\bin;C:\Program Files\Razer\ChromaBroadcast\bin;C:\Windows\system32;C:\Windows;C:\Windows\System32\Wbem;C:\Windows\System32\WindowsPowerShell\v1.0\;C:\Windows\System32\OpenSSH\;C:\Windows\system32\config\systemprofile\AppData\Local\Microsoft\WindowsApps;C:\Program Files (x86)\NVIDIA Corporation\PhysX\Common;C:\WINDOWS\system32;C:\WINDOWS;C:\WINDOWS\System32\Wbem;C:\WINDOWS\System32\WindowsPowerShell\v1.0\;C:\WINDOWS\System32\OpenSSH\;C:\Program Files\NVIDIA Corporation\NVIDIA NvDLISR;C:\Program Files\dotnet\;C:\Program Files\nodejs\;C:\Program Files\Git\cmd;C:\Users\WazX\dev\Flutter\bin;C:\Program Files\MySQL\MySQL Shell 8.0\bin\;C:\Users\WazX\AppData\Local\Microsoft\WindowsApps;D:\Program Files (x86)\Microsoft VS Code\bin;D:\Program Files (x86)\IntelliJ IDEA 2023.1.1\bin;;C:\Users\WazX\AppData\Roaming\npm;D:\maven\apache-maven-3.9.6\bin;C:\Users\WazX\AppData\Roaming\Python\Python312\Scripts;;."/>
    <property name="java.vm.info" value="mixed mode, sharing"/>
    <property name="stderr.encoding" value="Cp1252"/>
    <property name="java.vendor" value="Oracle Corporation"/>
    <property name="java.vm.version" value="22.0.1+8-16"/>
    <property name="sun.io.unicode.encoding" value="UnicodeLittle"/>
    <property name="java.class.version" value="66.0"/>
  </properties>
  <testcase name="checkNulls" classname="com.github.mauricioaniche.ck.ParametersTest" time="0"/>
  <testcase name="testSignatureResolution" classname="com.github.mauricioaniche.ck.ParametersTest" time="0"/>
</testsuite>